#
# There is insufficient memory for the Java Runtime Environment to continue.
# Native memory allocation (mmap) failed to map 17825792 bytes for G1 virtual space
# Possible reasons:
#   The system is out of physical RAM or swap space
#   The process is running with CompressedOops enabled, and the Java Heap may be blocking the growth of the native heap
# Possible solutions:
#   Reduce memory load on the system
#   Increase physical memory or swap space
#   Check if swap backing store is full
#   Decrease Java heap size (-Xmx/-Xms)
#   Decrease number of Java threads
#   Decrease Java thread stack sizes (-Xss)
#   Set larger code cache with -XX:ReservedCodeCacheSize=
#   JVM is running with Unscaled Compressed Oops mode in which the Java heap is
#     placed in the first 4GB address space. The Java Heap base address is the
#     maximum limit for the native heap growth. Please use -XX:HeapBaseMinAddress
#     to set the Java Heap base and to place the Java Heap above 4GB virtual address.
# This output file may be truncated or incomplete.
#
#  Out of Memory Error (os_windows.cpp:3613), pid=10408, tid=5456
#
# JRE version: OpenJDK Runtime Environment Temurin-17.0.10+7 (17.0.10+7) (build 17.0.10+7)
# Java VM: OpenJDK 64-Bit Server VM Temurin-17.0.10+7 (17.0.10+7, mixed mode, emulated-client, tiered, compressed oops, compressed class ptrs, g1 gc, windows-amd64)
# No core dump will be written. Minidumps are not enabled by default on client versions of Windows
#

---------------  S U M M A R Y ------------

Command Line: -Dcom.sun.management.jmxremote -Dcom.sun.management.jmxremote.port=55309 -Dcom.sun.management.jmxremote.authenticate=false -Dcom.sun.management.jmxremote.ssl=false -Djava.rmi.server.hostname=localhost -Dspring.jmx.enabled=true -Dmanagement.endpoints.jmx.exposure.include=* -Dspring.application.admin.enabled=true -XX:TieredStopAtLevel=1 -Dspring.boot.project.name=app01 -Dfile.encoding=UTF-8 -Dstdout.encoding=UTF-8 -Dstderr.encoding=UTF-8 -XX:+ShowCodeDetailsInExceptionMessages pe.edu.vg.app.App01Application --spring.output.ansi.enabled=always

Host: Intel(R) Celeron(R) CPU  N3060  @ 1.60GHz, 2 cores, 3G,  Windows 10 , 64 bit Build 19041 (10.0.19041.3636)
Time: Thu Apr 25 22:06:10 2024 Hora est. Pacífico, Sudamérica elapsed time: 46.289312 seconds (0d 0h 0m 46s)

---------------  T H R E A D  ---------------

Current thread (0x000001e21daa2540):  VMThread "VM Thread" [stack: 0x000000972e600000,0x000000972e700000] [id=5456]

Stack: [0x000000972e600000,0x000000972e700000]
Native frames: (J=compiled Java code, j=interpreted, Vv=VM code, C=native code)
V  [jvm.dll+0x67d2c9]
V  [jvm.dll+0x834afa]
V  [jvm.dll+0x8365be]
V  [jvm.dll+0x836c23]
V  [jvm.dll+0x2477ff]
V  [jvm.dll+0x67a109]
V  [jvm.dll+0x66eb7a]
V  [jvm.dll+0x30764b]
V  [jvm.dll+0x30eaf6]
V  [jvm.dll+0x35e83e]
V  [jvm.dll+0x35ea6f]
V  [jvm.dll+0x2de248]
V  [jvm.dll+0x2dc424]
V  [jvm.dll+0x2dba2c]
V  [jvm.dll+0x31faeb]
V  [jvm.dll+0x83b11b]
V  [jvm.dll+0x83be61]
V  [jvm.dll+0x83c37d]
V  [jvm.dll+0x83c754]
V  [jvm.dll+0x83c820]
V  [jvm.dll+0x7e3fba]
V  [jvm.dll+0x67c1b5]
C  [ucrtbase.dll+0x21bb2]
C  [KERNEL32.DLL+0x17344]
C  [ntdll.dll+0x526b1]

VM_Operation (0x00000097306fd780): G1CollectForAllocation, mode: safepoint, requested by thread 0x000001e223d395d0


---------------  P R O C E S S  ---------------

Threads class SMR info:
_java_thread_list=0x000001e224458540, length=30, elements={
0x000001e21109cb90, 0x000001e21dae6ac0, 0x000001e21dae93c0, 0x000001e21114b220,
0x000001e21114db00, 0x000001e21114e3d0, 0x000001e21db2c010, 0x000001e21db2c8e0,
0x000001e21db5d8a0, 0x000001e21da7c8e0, 0x000001e22218a070, 0x000001e22274af40,
0x000001e222748be0, 0x000001e222749910, 0x000001e222753700, 0x000001e222753be0,
0x000001e2228c94e0, 0x000001e2228dd0d0, 0x000001e2228dea20, 0x000001e2228df950,
0x000001e223154040, 0x000001e2228dc6b0, 0x000001e2228dcbc0, 0x000001e2228dd5e0,
0x000001e2228ddaf0, 0x000001e2228de000, 0x000001e2228def30, 0x000001e2228df440,
0x000001e223d395d0, 0x000001e223d38190
}

Java Threads: ( => current thread )
  0x000001e21109cb90 JavaThread "main" [_thread_blocked, id=7464, stack(0x000000972e000000,0x000000972e100000)]
  0x000001e21dae6ac0 JavaThread "Reference Handler" daemon [_thread_blocked, id=3652, stack(0x000000972e700000,0x000000972e800000)]
  0x000001e21dae93c0 JavaThread "Finalizer" daemon [_thread_blocked, id=7376, stack(0x000000972e800000,0x000000972e900000)]
  0x000001e21114b220 JavaThread "Signal Dispatcher" daemon [_thread_blocked, id=8164, stack(0x000000972e900000,0x000000972ea00000)]
  0x000001e21114db00 JavaThread "Attach Listener" daemon [_thread_blocked, id=7008, stack(0x000000972ea00000,0x000000972eb00000)]
  0x000001e21114e3d0 JavaThread "Service Thread" daemon [_thread_blocked, id=8280, stack(0x000000972eb00000,0x000000972ec00000)]
  0x000001e21db2c010 JavaThread "Monitor Deflation Thread" daemon [_thread_blocked, id=1164, stack(0x000000972ec00000,0x000000972ed00000)]
  0x000001e21db2c8e0 JavaThread "C1 CompilerThread0" daemon [_thread_blocked, id=7236, stack(0x000000972ed00000,0x000000972ee00000)]
  0x000001e21db5d8a0 JavaThread "Sweeper thread" daemon [_thread_blocked, id=1604, stack(0x000000972ee00000,0x000000972ef00000)]
  0x000001e21da7c8e0 JavaThread "Common-Cleaner" daemon [_thread_blocked, id=10648, stack(0x000000972ef00000,0x000000972f000000)]
  0x000001e22218a070 JavaThread "Notification Thread" daemon [_thread_blocked, id=2012, stack(0x000000972f100000,0x000000972f200000)]
  0x000001e22274af40 JavaThread "RMI TCP Accept-0" daemon [_thread_in_native, id=6744, stack(0x000000972f300000,0x000000972f400000)]
  0x000001e222748be0 JavaThread "RMI TCP Accept-55309" daemon [_thread_in_native, id=10688, stack(0x000000972f400000,0x000000972f500000)]
  0x000001e222749910 JavaThread "RMI TCP Connection(idle)" daemon [_thread_blocked, id=9864, stack(0x000000972f500000,0x000000972f600000)]
  0x000001e222753700 JavaThread "RMI TCP Accept-0" daemon [_thread_in_native, id=8088, stack(0x000000972f600000,0x000000972f700000)]
  0x000001e222753be0 JavaThread "RMI Scheduler(0)" daemon [_thread_blocked, id=9252, stack(0x000000972f800000,0x000000972f900000)]
  0x000001e2228c94e0 JavaThread "RMI TCP Connection(2)-127.0.0.1" daemon [_thread_blocked, id=2400, stack(0x000000972f900000,0x000000972fa00000)]
  0x000001e2228dd0d0 JavaThread "JMX server connection timeout 20" daemon [_thread_blocked, id=10420, stack(0x000000972fa00000,0x000000972fb00000)]
  0x000001e2228dea20 JavaThread "Thread-0" [_thread_blocked, id=9272, stack(0x000000972fb00000,0x000000972fc00000)]
  0x000001e2228df950 JavaThread "restartedMain" [_thread_blocked, id=1520, stack(0x000000972fc00000,0x000000972fd00000)]
  0x000001e223154040 JavaThread "C1 CompilerThread1" daemon [_thread_blocked, id=9700, stack(0x000000972f000000,0x000000972f100000)]
  0x000001e2228dc6b0 JavaThread "Catalina-utility-1" [_thread_blocked, id=7184, stack(0x000000972fd00000,0x000000972fe00000)]
  0x000001e2228dcbc0 JavaThread "Catalina-utility-2" [_thread_blocked, id=1696, stack(0x000000972fe00000,0x000000972ff00000)]
  0x000001e2228dd5e0 JavaThread "container-0" [_thread_blocked, id=9352, stack(0x000000972ff00000,0x0000009730000000)]
  0x000001e2228ddaf0 JavaThread "Timer-0" daemon [_thread_blocked, id=2152, stack(0x0000009730000000,0x0000009730100000)]
  0x000001e2228de000 JavaThread "oracle.jdbc.driver.BlockSource.ThreadedCachingBlockSource.BlockReleaser" daemon [_thread_blocked, id=8312, stack(0x0000009730100000,0x0000009730200000)]
  0x000001e2228def30 JavaThread "InterruptTimer" daemon [_thread_blocked, id=9896, stack(0x0000009730200000,0x0000009730300000)]
  0x000001e2228df440 JavaThread "HikariPool-1 housekeeper" daemon [_thread_blocked, id=4376, stack(0x0000009730500000,0x0000009730600000)]
  0x000001e223d395d0 JavaThread "HikariPool-1 connection adder" daemon [_thread_blocked, id=10480, stack(0x0000009730600000,0x0000009730700000)]
  0x000001e223d38190 JavaThread "HikariPool-1 connection closer" daemon [_thread_blocked, id=9336, stack(0x0000009730700000,0x0000009730800000)]

Other Threads:
=>0x000001e21daa2540 VMThread "VM Thread" [stack: 0x000000972e600000,0x000000972e700000] [id=5456]
  0x000001e21109d960 WatcherThread [stack: 0x000000972f700000,0x000000972f800000] [id=10784]
  0x000001e2110d9810 GCTaskThread "GC Thread#0" [stack: 0x000000972e100000,0x000000972e200000] [id=10616]
  0x000001e2223fec40 GCTaskThread "GC Thread#1" [stack: 0x000000972f200000,0x000000972f300000] [id=8552]
  0x000001e2110e23b0 ConcurrentGCThread "G1 Main Marker" [stack: 0x000000972e200000,0x000000972e300000] [id=9884]
  0x000001e2110e35c0 ConcurrentGCThread "G1 Conc#0" [stack: 0x000000972e300000,0x000000972e400000] [id=8544]
  0x000001e211127ef0 ConcurrentGCThread "G1 Refine#0" [stack: 0x000000972e400000,0x000000972e500000] [id=8620]
  0x000001e211129110 ConcurrentGCThread "G1 Service" [stack: 0x000000972e500000,0x000000972e600000] [id=11012]

Threads with active compile tasks:

VM state: at safepoint (normal execution)

VM Mutex/Monitor currently owned by a thread:  ([mutex/lock_event])
[0x000001e211097010] Threads_lock - owner thread: 0x000001e21daa2540
[0x000001e211098060] Heap_lock - owner thread: 0x000001e223d395d0

Heap address: 0x00000000c1600000, size: 1002 MB, Compressed Oops mode: 32-bit

CDS archive(s) not mapped
Compressed class space mapped at: 0x0000000100000000-0x0000000140000000, reserved size: 1073741824
Narrow klass base: 0x0000000000000000, Narrow klass shift: 3, Narrow klass range: 0x140000000

GC Precious Log:
 CPUs: 2 total, 2 available
 Memory: 4001M
 Large Page Support: Disabled
 NUMA Support: Disabled
 Compressed Oops: Enabled (32-bit)
 Heap Region Size: 1M
 Heap Min Capacity: 8M
 Heap Initial Capacity: 64M
 Heap Max Capacity: 1002M
 Pre-touch: Disabled
 Parallel Workers: 2
 Concurrent Workers: 1
 Concurrent Refinement Workers: 2
 Periodic GC: Disabled

Heap:
 garbage-first heap   total 48128K, used 25911K [0x00000000c1600000, 0x0000000100000000)
  region size 1024K, 1 young (1024K), 1 survivors (1024K)
 Metaspace       used 65383K, committed 65920K, reserved 1114112K
  class space    used 8519K, committed 8768K, reserved 1048576K

Heap Regions: E=young(eden), S=young(survivor), O=old, HS=humongous(starts), HC=humongous(continues), CS=collection set, F=free, OA=open archive, CA=closed archive, TAMS=top-at-mark-start (previous, next)
|   0|0x00000000c1600000, 0x00000000c1700000, 0x00000000c1700000|100%|HS|  |TAMS 0x00000000c1700000, 0x00000000c1700000| Complete 
|   1|0x00000000c1700000, 0x00000000c1800000, 0x00000000c1800000|100%| O|  |TAMS 0x00000000c1800000, 0x00000000c1800000| Untracked 
|   2|0x00000000c1800000, 0x00000000c1900000, 0x00000000c1900000|100%| O|  |TAMS 0x00000000c1900000, 0x00000000c1900000| Untracked 
|   3|0x00000000c1900000, 0x00000000c1a00000, 0x00000000c1a00000|100%| O|  |TAMS 0x00000000c1a00000, 0x00000000c1a00000| Untracked 
|   4|0x00000000c1a00000, 0x00000000c1b00000, 0x00000000c1b00000|100%| O|  |TAMS 0x00000000c1b00000, 0x00000000c1b00000| Untracked 
|   5|0x00000000c1b00000, 0x00000000c1bed000, 0x00000000c1c00000| 92%| O|  |TAMS 0x00000000c1bed000, 0x00000000c1bed000| Untracked 
|   6|0x00000000c1c00000, 0x00000000c1d00000, 0x00000000c1d00000|100%| O|  |TAMS 0x00000000c1d00000, 0x00000000c1d00000| Untracked 
|   7|0x00000000c1d00000, 0x00000000c1e00000, 0x00000000c1e00000|100%| O|  |TAMS 0x00000000c1e00000, 0x00000000c1e00000| Untracked 
|   8|0x00000000c1e00000, 0x00000000c1f00000, 0x00000000c1f00000|100%| O|  |TAMS 0x00000000c1f00000, 0x00000000c1f00000| Untracked 
|   9|0x00000000c1f00000, 0x00000000c1f00000, 0x00000000c2000000|  0%| F|  |TAMS 0x00000000c1f00000, 0x00000000c1f00000| Untracked 
|  10|0x00000000c2000000, 0x00000000c2100000, 0x00000000c2100000|100%| O|  |TAMS 0x00000000c2100000, 0x00000000c2100000| Untracked 
|  11|0x00000000c2100000, 0x00000000c2200000, 0x00000000c2200000|100%| O|  |TAMS 0x00000000c2200000, 0x00000000c2200000| Untracked 
|  12|0x00000000c2200000, 0x00000000c2300000, 0x00000000c2300000|100%| O|  |TAMS 0x00000000c2300000, 0x00000000c2300000| Untracked 
|  13|0x00000000c2300000, 0x00000000c2400000, 0x00000000c2400000|100%| O|  |TAMS 0x00000000c2400000, 0x00000000c2400000| Untracked 
|  14|0x00000000c2400000, 0x00000000c2500000, 0x00000000c2500000|100%| O|  |TAMS 0x00000000c2500000, 0x00000000c2500000| Untracked 
|  15|0x00000000c2500000, 0x00000000c2600000, 0x00000000c2600000|100%| O|  |TAMS 0x00000000c2600000, 0x00000000c2600000| Untracked 
|  16|0x00000000c2600000, 0x00000000c2700000, 0x00000000c2700000|100%| O|  |TAMS 0x00000000c2700000, 0x00000000c2700000| Untracked 
|  17|0x00000000c2700000, 0x00000000c2800000, 0x00000000c2800000|100%| O|  |TAMS 0x00000000c2800000, 0x00000000c2800000| Untracked 
|  18|0x00000000c2800000, 0x00000000c2900000, 0x00000000c2900000|100%| O|  |TAMS 0x00000000c2900000, 0x00000000c2900000| Untracked 
|  19|0x00000000c2900000, 0x00000000c2a00000, 0x00000000c2a00000|100%| O|  |TAMS 0x00000000c2a00000, 0x00000000c2a00000| Untracked 
|  20|0x00000000c2a00000, 0x00000000c2b00000, 0x00000000c2b00000|100%| O|  |TAMS 0x00000000c2b00000, 0x00000000c2b00000| Untracked 
|  21|0x00000000c2b00000, 0x00000000c2c00000, 0x00000000c2c00000|100%| O|  |TAMS 0x00000000c2c00000, 0x00000000c2c00000| Untracked 
|  22|0x00000000c2c00000, 0x00000000c2d00000, 0x00000000c2d00000|100%| O|  |TAMS 0x00000000c2c2e400, 0x00000000c2d00000| Untracked 
|  23|0x00000000c2d00000, 0x00000000c2e00000, 0x00000000c2e00000|100%| O|  |TAMS 0x00000000c2d00000, 0x00000000c2e00000| Untracked 
|  24|0x00000000c2e00000, 0x00000000c2f00000, 0x00000000c2f00000|100%| O|  |TAMS 0x00000000c2e00000, 0x00000000c2f00000| Untracked 
|  25|0x00000000c2f00000, 0x00000000c3000000, 0x00000000c3000000|100%| O|  |TAMS 0x00000000c2f00000, 0x00000000c3000000| Untracked 
|  26|0x00000000c3000000, 0x00000000c3000000, 0x00000000c3100000|  0%| F|  |TAMS 0x00000000c3000000, 0x00000000c3000000| Untracked 
|  27|0x00000000c3100000, 0x00000000c3100000, 0x00000000c3200000|  0%| F|  |TAMS 0x00000000c3100000, 0x00000000c3100000| Untracked 
|  28|0x00000000c3200000, 0x00000000c3200000, 0x00000000c3300000|  0%| F|  |TAMS 0x00000000c3200000, 0x00000000c3200000| Untracked 
|  29|0x00000000c3300000, 0x00000000c3300000, 0x00000000c3400000|  0%| F|  |TAMS 0x00000000c3300000, 0x00000000c3300000| Untracked 
|  30|0x00000000c3400000, 0x00000000c3400000, 0x00000000c3500000|  0%| F|  |TAMS 0x00000000c3400000, 0x00000000c3400000| Untracked 
|  31|0x00000000c3500000, 0x00000000c3500000, 0x00000000c3600000|  0%| F|  |TAMS 0x00000000c3500000, 0x00000000c3500000| Untracked 
|  32|0x00000000c3600000, 0x00000000c3660c78, 0x00000000c3700000| 37%| S|CS|TAMS 0x00000000c3600000, 0x00000000c3600000| Complete 
|  33|0x00000000c3700000, 0x00000000c3700000, 0x00000000c3800000|  0%| F|  |TAMS 0x00000000c3700000, 0x00000000c3700000| Untracked 
|  34|0x00000000c3800000, 0x00000000c3800000, 0x00000000c3900000|  0%| F|  |TAMS 0x00000000c3800000, 0x00000000c3800000| Untracked 
|  35|0x00000000c3900000, 0x00000000c3900000, 0x00000000c3a00000|  0%| F|  |TAMS 0x00000000c3900000, 0x00000000c3900000| Untracked 
|  36|0x00000000c3a00000, 0x00000000c3a00000, 0x00000000c3b00000|  0%| F|  |TAMS 0x00000000c3a00000, 0x00000000c3a00000| Untracked 
|  37|0x00000000c3b00000, 0x00000000c3b00000, 0x00000000c3c00000|  0%| F|  |TAMS 0x00000000c3b00000, 0x00000000c3b00000| Untracked 
|  38|0x00000000c3c00000, 0x00000000c3c00000, 0x00000000c3d00000|  0%| F|  |TAMS 0x00000000c3c00000, 0x00000000c3c00000| Untracked 
|  39|0x00000000c3d00000, 0x00000000c3d00000, 0x00000000c3e00000|  0%| F|  |TAMS 0x00000000c3d00000, 0x00000000c3d00000| Untracked 
|  40|0x00000000c3e00000, 0x00000000c3e00000, 0x00000000c3f00000|  0%| F|  |TAMS 0x00000000c3e00000, 0x00000000c3e00000| Untracked 
|  41|0x00000000c3f00000, 0x00000000c3f00000, 0x00000000c4000000|  0%| F|  |TAMS 0x00000000c3f00000, 0x00000000c3f00000| Untracked 
|  42|0x00000000c4000000, 0x00000000c4000000, 0x00000000c4100000|  0%| F|  |TAMS 0x00000000c4000000, 0x00000000c4000000| Untracked 
|  43|0x00000000c4100000, 0x00000000c4100000, 0x00000000c4200000|  0%| F|  |TAMS 0x00000000c4100000, 0x00000000c4100000| Untracked 
|  44|0x00000000c4200000, 0x00000000c4200000, 0x00000000c4300000|  0%| F|  |TAMS 0x00000000c4200000, 0x00000000c4200000| Untracked 
|  45|0x00000000c4300000, 0x00000000c4300000, 0x00000000c4400000|  0%| F|  |TAMS 0x00000000c4300000, 0x00000000c4300000| Untracked 
|  63|0x00000000c5500000, 0x00000000c5500000, 0x00000000c5600000|  0%| F|  |TAMS 0x00000000c5500000, 0x00000000c5500000| Untracked 

Card table byte_map: [0x000001e2193e0000,0x000001e2195e0000] _byte_map_base: 0x000001e218dd5000

Marking Bits (Prev, Next): (CMBitMap*) 0x000001e2110d9d80, (CMBitMap*) 0x000001e2110d9d40
 Prev Bits: [0x000001e21a790000, 0x000001e21b738000)
 Next Bits: [0x000001e2197e0000, 0x000001e21a788000)

Polling page: 0x000001e210e50000

Metaspace:

Usage:
  Non-class:     55.53 MB used.
      Class:      8.32 MB used.
       Both:     63.85 MB used.

Virtual space:
  Non-class space:       64.00 MB reserved,      55.81 MB ( 87%) committed,  1 nodes.
      Class space:        1.00 GB reserved,       8.56 MB ( <1%) committed,  1 nodes.
             Both:        1.06 GB reserved,      64.38 MB (  6%) committed. 

Chunk freelists:
   Non-Class:  8.23 MB
       Class:  7.28 MB
        Both:  15.52 MB

MaxMetaspaceSize: unlimited
CompressedClassSpaceSize: 1.00 GB
Initial GC threshold: 21.00 MB
Current GC threshold: 104.81 MB
CDS: off
MetaspaceReclaimPolicy: balanced
 - commit_granule_bytes: 65536.
 - commit_granule_words: 8192.
 - virtual_space_node_default_size: 8388608.
 - enlarge_chunks_in_place: 1.
 - new_chunks_are_fully_committed: 0.
 - uncommit_free_chunks: 1.
 - use_allocation_guard: 0.
 - handle_deallocations: 1.


Internal statistics:

num_allocs_failed_limit: 6.
num_arena_births: 710.
num_arena_deaths: 110.
num_vsnodes_births: 2.
num_vsnodes_deaths: 0.
num_space_committed: 1030.
num_space_uncommitted: 0.
num_chunks_returned_to_freelist: 143.
num_chunks_taken_from_freelist: 2767.
num_chunk_merges: 38.
num_chunk_splits: 1894.
num_chunks_enlarged: 1425.
num_inconsistent_stats: 0.

CodeCache: size=49152Kb used=10044Kb max_used=10044Kb free=39107Kb
 bounds [0x000001e215f60000, 0x000001e216930000, 0x000001e218f60000]
 total_blobs=5852 nmethods=5216 adapters=563
 compilation: enabled
              stopped_count=0, restarted_count=0
 full_count=0

Compilation events (20 events):
Event: 45.877 Thread 0x000001e223154040 5208       1       com.sun.crypto.provider.CounterMode::reset (26 bytes)
Event: 45.877 Thread 0x000001e21db2c8e0 5209       1       java.nio.HeapByteBuffer::duplicate (36 bytes)
Event: 45.877 Thread 0x000001e223154040 nmethod 5208 0x000001e21692bc10 code [0x000001e21692bda0, 0x000001e21692bf28]
Event: 45.878 Thread 0x000001e21db2c8e0 nmethod 5209 0x000001e21692bf90 code [0x000001e21692c120, 0x000001e21692c2e8]
Event: 45.879 Thread 0x000001e223154040 5210       1       javax.crypto.spec.GCMParameterSpec::getTLen (5 bytes)
Event: 45.879 Thread 0x000001e223154040 nmethod 5210 0x000001e21692c390 code [0x000001e21692c520, 0x000001e21692c5f8]
Event: 45.879 Thread 0x000001e21db2c8e0 5211       1       com.sun.crypto.provider.GHASH::update (9 bytes)
Event: 45.879 Thread 0x000001e223154040 5212       1       com.sun.crypto.provider.GCTR::doFinal (106 bytes)
Event: 45.879 Thread 0x000001e21db2c8e0 nmethod 5211 0x000001e21692c690 code [0x000001e21692c820, 0x000001e21692c908]
Event: 45.880 Thread 0x000001e21db2c8e0 5213       1       com.sun.crypto.provider.GCTR::update (208 bytes)
Event: 45.881 Thread 0x000001e223154040 nmethod 5212 0x000001e21692c990 code [0x000001e21692cb60, 0x000001e21692cf78]
Event: 45.882 Thread 0x000001e21db2c8e0 nmethod 5213 0x000001e21692d210 code [0x000001e21692d420, 0x000001e21692db38]
Event: 45.948 Thread 0x000001e21db2c8e0 5214       1       java.nio.channels.spi.AbstractSelectableChannel::isBlocking (13 bytes)
Event: 45.948 Thread 0x000001e21db2c8e0 nmethod 5214 0x000001e21692df90 code [0x000001e21692e120, 0x000001e21692e1f8]
Event: 46.065 Thread 0x000001e223154040 5215       1       java.nio.HeapByteBuffer::put (12 bytes)
Event: 46.066 Thread 0x000001e223154040 nmethod 5215 0x000001e21692e290 code [0x000001e21692e440, 0x000001e21692e5a8]
Event: 46.066 Thread 0x000001e223154040 5216       1       oracle.net.nt.TimeoutSocketChannel::scheduleInterrupt (41 bytes)
Event: 46.066 Thread 0x000001e21db2c8e0 5217       1       oracle.net.nt.TimeoutSocketChannel::cancelTimeout (37 bytes)
Event: 46.066 Thread 0x000001e223154040 nmethod 5216 0x000001e21692e690 code [0x000001e21692e840, 0x000001e21692ea78]
Event: 46.068 Thread 0x000001e21db2c8e0 nmethod 5217 0x000001e21692eb10 code [0x000001e21692ece0, 0x000001e21692ef38]

GC Heap History (20 events):
Event: 37.187 GC heap after
{Heap after GC invocations=26 (full 0):
 garbage-first heap   total 48128K, used 22016K [0x00000000c1600000, 0x0000000100000000)
  region size 1024K, 2 young (2048K), 2 survivors (2048K)
 Metaspace       used 51807K, committed 52224K, reserved 1114112K
  class space    used 6462K, committed 6656K, reserved 1048576K
}
Event: 38.262 GC heap before
{Heap before GC invocations=26 (full 0):
 garbage-first heap   total 48128K, used 38400K [0x00000000c1600000, 0x0000000100000000)
  region size 1024K, 18 young (18432K), 2 survivors (2048K)
 Metaspace       used 52311K, committed 52736K, reserved 1114112K
  class space    used 6539K, committed 6720K, reserved 1048576K
}
Event: 38.270 GC heap after
{Heap after GC invocations=27 (full 0):
 garbage-first heap   total 48128K, used 22311K [0x00000000c1600000, 0x0000000100000000)
  region size 1024K, 2 young (2048K), 2 survivors (2048K)
 Metaspace       used 52311K, committed 52736K, reserved 1114112K
  class space    used 6539K, committed 6720K, reserved 1048576K
}
Event: 40.080 GC heap before
{Heap before GC invocations=27 (full 0):
 garbage-first heap   total 48128K, used 39719K [0x00000000c1600000, 0x0000000100000000)
  region size 1024K, 19 young (19456K), 2 survivors (2048K)
 Metaspace       used 54220K, committed 54656K, reserved 1114112K
  class space    used 6868K, committed 7104K, reserved 1048576K
}
Event: 40.091 GC heap after
{Heap after GC invocations=28 (full 0):
 garbage-first heap   total 48128K, used 22843K [0x00000000c1600000, 0x0000000100000000)
  region size 1024K, 2 young (2048K), 2 survivors (2048K)
 Metaspace       used 54220K, committed 54656K, reserved 1114112K
  class space    used 6868K, committed 7104K, reserved 1048576K
}
Event: 40.911 GC heap before
{Heap before GC invocations=28 (full 0):
 garbage-first heap   total 48128K, used 40251K [0x00000000c1600000, 0x0000000100000000)
  region size 1024K, 19 young (19456K), 2 survivors (2048K)
 Metaspace       used 56430K, committed 56896K, reserved 1114112K
  class space    used 7216K, committed 7424K, reserved 1048576K
}
Event: 40.922 GC heap after
{Heap after GC invocations=29 (full 0):
 garbage-first heap   total 48128K, used 23190K [0x00000000c1600000, 0x0000000100000000)
  region size 1024K, 2 young (2048K), 2 survivors (2048K)
 Metaspace       used 56430K, committed 56896K, reserved 1114112K
  class space    used 7216K, committed 7424K, reserved 1048576K
}
Event: 42.386 GC heap before
{Heap before GC invocations=29 (full 0):
 garbage-first heap   total 48128K, used 39574K [0x00000000c1600000, 0x0000000100000000)
  region size 1024K, 19 young (19456K), 2 survivors (2048K)
 Metaspace       used 59023K, committed 59456K, reserved 1114112K
  class space    used 7597K, committed 7808K, reserved 1048576K
}
Event: 42.398 GC heap after
{Heap after GC invocations=30 (full 0):
 garbage-first heap   total 48128K, used 24081K [0x00000000c1600000, 0x0000000100000000)
  region size 1024K, 3 young (3072K), 3 survivors (3072K)
 Metaspace       used 59023K, committed 59456K, reserved 1114112K
  class space    used 7597K, committed 7808K, reserved 1048576K
}
Event: 42.694 GC heap before
{Heap before GC invocations=30 (full 0):
 garbage-first heap   total 48128K, used 37393K [0x00000000c1600000, 0x0000000100000000)
  region size 1024K, 17 young (17408K), 3 survivors (3072K)
 Metaspace       used 59769K, committed 60288K, reserved 1114112K
  class space    used 7680K, committed 7936K, reserved 1048576K
}
Event: 42.704 GC heap after
{Heap after GC invocations=31 (full 0):
 garbage-first heap   total 48128K, used 24459K [0x00000000c1600000, 0x0000000100000000)
  region size 1024K, 2 young (2048K), 2 survivors (2048K)
 Metaspace       used 59769K, committed 60288K, reserved 1114112K
  class space    used 7680K, committed 7936K, reserved 1048576K
}
Event: 43.599 GC heap before
{Heap before GC invocations=32 (full 0):
 garbage-first heap   total 48128K, used 38795K [0x00000000c1600000, 0x0000000100000000)
  region size 1024K, 17 young (17408K), 2 survivors (2048K)
 Metaspace       used 61355K, committed 61888K, reserved 1114112K
  class space    used 7936K, committed 8192K, reserved 1048576K
}
Event: 43.609 GC heap after
{Heap after GC invocations=33 (full 0):
 garbage-first heap   total 48128K, used 24845K [0x00000000c1600000, 0x0000000100000000)
  region size 1024K, 3 young (3072K), 3 survivors (3072K)
 Metaspace       used 61355K, committed 61888K, reserved 1114112K
  class space    used 7936K, committed 8192K, reserved 1048576K
}
Event: 44.428 GC heap before
{Heap before GC invocations=33 (full 0):
 garbage-first heap   total 48128K, used 37133K [0x00000000c1600000, 0x0000000100000000)
  region size 1024K, 16 young (16384K), 3 survivors (3072K)
 Metaspace       used 63697K, committed 64192K, reserved 1114112K
  class space    used 8335K, committed 8576K, reserved 1048576K
}
Event: 44.441 GC heap after
{Heap after GC invocations=34 (full 0):
 garbage-first heap   total 48128K, used 25462K [0x00000000c1600000, 0x0000000100000000)
  region size 1024K, 2 young (2048K), 2 survivors (2048K)
 Metaspace       used 63697K, committed 64192K, reserved 1114112K
  class space    used 8335K, committed 8576K, reserved 1048576K
}
Event: 45.184 GC heap before
{Heap before GC invocations=35 (full 0):
 garbage-first heap   total 48128K, used 37750K [0x00000000c1600000, 0x0000000100000000)
  region size 1024K, 15 young (15360K), 2 survivors (2048K)
 Metaspace       used 64994K, committed 65472K, reserved 1114112K
  class space    used 8458K, committed 8704K, reserved 1048576K
}
Event: 45.197 GC heap after
{Heap after GC invocations=36 (full 0):
 garbage-first heap   total 48128K, used 26032K [0x00000000c1600000, 0x0000000100000000)
  region size 1024K, 2 young (2048K), 2 survivors (2048K)
 Metaspace       used 64994K, committed 65472K, reserved 1114112K
  class space    used 8458K, committed 8704K, reserved 1048576K
}
Event: 45.215 GC heap before
{Heap before GC invocations=36 (full 0):
 garbage-first heap   total 48128K, used 26032K [0x00000000c1600000, 0x0000000100000000)
  region size 1024K, 3 young (3072K), 2 survivors (2048K)
 Metaspace       used 65037K, committed 65536K, reserved 1114112K
  class space    used 8464K, committed 8704K, reserved 1048576K
}
Event: 45.226 GC heap after
{Heap after GC invocations=37 (full 0):
 garbage-first heap   total 48128K, used 25801K [0x00000000c1600000, 0x0000000100000000)
  region size 1024K, 1 young (1024K), 1 survivors (1024K)
 Metaspace       used 65037K, committed 65536K, reserved 1114112K
  class space    used 8464K, committed 8704K, reserved 1048576K
}
Event: 46.231 GC heap before
{Heap before GC invocations=37 (full 0):
 garbage-first heap   total 48128K, used 39113K [0x00000000c1600000, 0x0000000100000000)
  region size 1024K, 14 young (14336K), 1 survivors (1024K)
 Metaspace       used 65383K, committed 65920K, reserved 1114112K
  class space    used 8519K, committed 8768K, reserved 1048576K
}

Dll operation events (10 events):
Event: 0.054 Loaded shared library D:\sts\sts-4.22.0.RELEASE\plugins\org.eclipse.justj.openjdk.hotspot.jre.full.win32.x86_64_17.0.10.v20240120-1143\jre\bin\java.dll
Event: 1.470 Loaded shared library D:\sts\sts-4.22.0.RELEASE\plugins\org.eclipse.justj.openjdk.hotspot.jre.full.win32.x86_64_17.0.10.v20240120-1143\jre\bin\jimage.dll
Event: 1.540 Loaded shared library D:\sts\sts-4.22.0.RELEASE\plugins\org.eclipse.justj.openjdk.hotspot.jre.full.win32.x86_64_17.0.10.v20240120-1143\jre\bin\net.dll
Event: 1.550 Loaded shared library D:\sts\sts-4.22.0.RELEASE\plugins\org.eclipse.justj.openjdk.hotspot.jre.full.win32.x86_64_17.0.10.v20240120-1143\jre\bin\nio.dll
Event: 1.573 Loaded shared library D:\sts\sts-4.22.0.RELEASE\plugins\org.eclipse.justj.openjdk.hotspot.jre.full.win32.x86_64_17.0.10.v20240120-1143\jre\bin\zip.dll
Event: 2.029 Loaded shared library D:\sts\sts-4.22.0.RELEASE\plugins\org.eclipse.justj.openjdk.hotspot.jre.full.win32.x86_64_17.0.10.v20240120-1143\jre\bin\management.dll
Event: 2.150 Loaded shared library D:\sts\sts-4.22.0.RELEASE\plugins\org.eclipse.justj.openjdk.hotspot.jre.full.win32.x86_64_17.0.10.v20240120-1143\jre\bin\management_ext.dll
Event: 3.691 Loaded shared library D:\sts\sts-4.22.0.RELEASE\plugins\org.eclipse.justj.openjdk.hotspot.jre.full.win32.x86_64_17.0.10.v20240120-1143\jre\bin\extnet.dll
Event: 14.826 Loaded shared library D:\sts\sts-4.22.0.RELEASE\plugins\org.eclipse.justj.openjdk.hotspot.jre.full.win32.x86_64_17.0.10.v20240120-1143\jre\bin\sunmscapi.dll
Event: 28.978 Loaded shared library D:\sts\sts-4.22.0.RELEASE\plugins\org.eclipse.justj.openjdk.hotspot.jre.full.win32.x86_64_17.0.10.v20240120-1143\jre\bin\verify.dll

Deoptimization events (4 events):
Event: 22.994 Thread 0x000001e2228df950 DEOPT PACKING pc=0x000001e2165a1d4c sp=0x000000972fcfc730
Event: 22.994 Thread 0x000001e2228df950 DEOPT UNPACKING pc=0x000001e215fb7124 sp=0x000000972fcfbbe8 mode 0
Event: 45.373 Thread 0x000001e2228df950 DEOPT PACKING pc=0x000001e2164a0794 sp=0x000000972fcfcca0
Event: 45.373 Thread 0x000001e2228df950 DEOPT UNPACKING pc=0x000001e215fb7124 sp=0x000000972fcfc1f8 mode 0

Classes unloaded (20 events):
Event: 42.797 Thread 0x000001e21daa2540 Unloading class 0x0000000100143000 'java/lang/invoke/LambdaForm$MH+0x0000000100143000'
Event: 44.548 Thread 0x000001e21daa2540 Unloading class 0x0000000100442400 'java/lang/invoke/LambdaForm$MH+0x0000000100442400'
Event: 44.548 Thread 0x000001e21daa2540 Unloading class 0x0000000100441400 'java/lang/invoke/LambdaForm$MH+0x0000000100441400'
Event: 44.548 Thread 0x000001e21daa2540 Unloading class 0x0000000100441000 'java/lang/invoke/LambdaForm$MH+0x0000000100441000'
Event: 44.548 Thread 0x000001e21daa2540 Unloading class 0x000000010043d400 'java/lang/invoke/LambdaForm$MH+0x000000010043d400'
Event: 44.548 Thread 0x000001e21daa2540 Unloading class 0x000000010043d000 'java/lang/invoke/LambdaForm$MH+0x000000010043d000'
Event: 44.548 Thread 0x000001e21daa2540 Unloading class 0x000000010043ac00 'java/lang/invoke/LambdaForm$DMH+0x000000010043ac00'
Event: 44.549 Thread 0x000001e21daa2540 Unloading class 0x000000010043a400 'java/lang/invoke/LambdaForm$DMH+0x000000010043a400'
Event: 44.549 Thread 0x000001e21daa2540 Unloading class 0x0000000100439c00 'java/lang/invoke/LambdaForm$DMH+0x0000000100439c00'
Event: 44.549 Thread 0x000001e21daa2540 Unloading class 0x0000000100438c00 'java/lang/invoke/LambdaForm$MH+0x0000000100438c00'
Event: 44.549 Thread 0x000001e21daa2540 Unloading class 0x0000000100437800 'java/lang/invoke/LambdaForm$MH+0x0000000100437800'
Event: 44.549 Thread 0x000001e21daa2540 Unloading class 0x0000000100437400 'java/lang/invoke/LambdaForm$MH+0x0000000100437400'
Event: 44.549 Thread 0x000001e21daa2540 Unloading class 0x0000000100437000 'java/lang/invoke/LambdaForm$MH+0x0000000100437000'
Event: 44.549 Thread 0x000001e21daa2540 Unloading class 0x0000000100436c00 'java/lang/invoke/LambdaForm$MH+0x0000000100436c00'
Event: 44.549 Thread 0x000001e21daa2540 Unloading class 0x0000000100434000 'java/lang/invoke/LambdaForm$DMH+0x0000000100434000'
Event: 44.549 Thread 0x000001e21daa2540 Unloading class 0x00000001003c4000 'jdk/internal/reflect/GeneratedConstructorAccessor11'
Event: 44.549 Thread 0x000001e21daa2540 Unloading class 0x00000001003ad800 'jdk/internal/reflect/GeneratedConstructorAccessor9'
Event: 44.549 Thread 0x000001e21daa2540 Unloading class 0x00000001003ad400 'jdk/internal/reflect/GeneratedConstructorAccessor8'
Event: 44.549 Thread 0x000001e21daa2540 Unloading class 0x00000001003a0800 'jdk/internal/reflect/GeneratedConstructorAccessor7'
Event: 44.549 Thread 0x000001e21daa2540 Unloading class 0x0000000100147800 'java/lang/invoke/LambdaForm$MH+0x0000000100147800'

Classes redefined (0 events):
No events

Internal exceptions (20 events):
Event: 36.960 Thread 0x000001e223d395d0 Exception <a 'sun/nio/fs/WindowsException'{0x00000000c393d438}> (0x00000000c393d438) 
thrown [s\src\hotspot\share\prims\jni.cpp, line 516]
Event: 36.960 Thread 0x000001e223d395d0 Exception <a 'sun/nio/fs/WindowsException'{0x00000000c393d780}> (0x00000000c393d780) 
thrown [s\src\hotspot\share\prims\jni.cpp, line 516]
Event: 36.961 Thread 0x000001e223d395d0 Exception <a 'sun/nio/fs/WindowsException'{0x00000000c393d9b8}> (0x00000000c393d9b8) 
thrown [s\src\hotspot\share\prims\jni.cpp, line 516]
Event: 39.706 Thread 0x000001e223d395d0 Exception <a 'sun/nio/fs/WindowsException'{0x00000000c3cbbab0}> (0x00000000c3cbbab0) 
thrown [s\src\hotspot\share\prims\jni.cpp, line 516]
Event: 39.706 Thread 0x000001e223d395d0 Exception <a 'sun/nio/fs/WindowsException'{0x00000000c3cbbdf8}> (0x00000000c3cbbdf8) 
thrown [s\src\hotspot\share\prims\jni.cpp, line 516]
Event: 39.707 Thread 0x000001e223d395d0 Exception <a 'sun/nio/fs/WindowsException'{0x00000000c3cbc030}> (0x00000000c3cbc030) 
thrown [s\src\hotspot\share\prims\jni.cpp, line 516]
Event: 40.128 Thread 0x000001e2228df950 Exception <a 'java/lang/NoSuchMethodError'{0x00000000c436b728}: 'int java.lang.invoke.DirectMethodHandle$Holder.invokeStatic(java.lang.Object)'> (0x00000000c436b728) 
thrown [s\src\hotspot\share\interpreter\linkResolver.cpp, line 759]
Event: 42.399 Thread 0x000001e223d395d0 Exception <a 'sun/nio/fs/WindowsException'{0x00000000c55023f8}> (0x00000000c55023f8) 
thrown [s\src\hotspot\share\prims\jni.cpp, line 516]
Event: 42.400 Thread 0x000001e223d395d0 Exception <a 'sun/nio/fs/WindowsException'{0x00000000c5502740}> (0x00000000c5502740) 
thrown [s\src\hotspot\share\prims\jni.cpp, line 516]
Event: 42.400 Thread 0x000001e223d395d0 Exception <a 'sun/nio/fs/WindowsException'{0x00000000c5502978}> (0x00000000c5502978) 
thrown [s\src\hotspot\share\prims\jni.cpp, line 516]
Event: 43.087 Thread 0x000001e2228df950 Exception <a 'java/lang/IncompatibleClassChangeError'{0x00000000c4160638}: Found class java.lang.Object, but interface was expected> (0x00000000c4160638) 
thrown [s\src\hotspot\share\interpreter\linkResolver.cpp, line 826]
Event: 43.254 Thread 0x000001e2228df950 Exception <a 'java/lang/NoSuchMethodError'{0x00000000c40e4458}: 'java.lang.Object java.lang.invoke.DirectMethodHandle$Holder.invokeStatic(java.lang.Object, java.lang.Object, int, java.lang.Object)'> (0x00000000c40e4458) 
thrown [s\src\hotspot\share\interpreter\linkResolver.cpp, line 759]
Event: 43.255 Thread 0x000001e2228df950 Exception <a 'java/lang/NoSuchMethodError'{0x00000000c40e7ef0}: 'java.lang.Object java.lang.invoke.DirectMethodHandle$Holder.invokeStaticInit(java.lang.Object, java.lang.Object, int, java.lang.Object)'> (0x00000000c40e7ef0) 
thrown [s\src\hotspot\share\interpreter\linkResolver.cpp, line 759]
Event: 44.050 Thread 0x000001e2228df950 Exception <a 'java/lang/NoSuchMethodError'{0x00000000c3cd4d40}: 'void java.lang.invoke.DirectMethodHandle$Holder.invokeInterface(java.lang.Object, java.lang.Object)'> (0x00000000c3cd4d40) 
thrown [s\src\hotspot\share\interpreter\linkResolver.cpp, line 759]
Event: 44.713 Thread 0x000001e2228df950 Exception <a 'java/lang/IncompatibleClassChangeError'{0x00000000c4281b10}: Found class java.lang.Object, but interface was expected> (0x00000000c4281b10) 
thrown [s\src\hotspot\share\interpreter\linkResolver.cpp, line 826]
Event: 44.774 Thread 0x000001e2228df950 Exception <a 'java/lang/IncompatibleClassChangeError'{0x00000000c4127d80}: Found class java.lang.Object, but interface was expected> (0x00000000c4127d80) 
thrown [s\src\hotspot\share\interpreter\linkResolver.cpp, line 826]
Event: 44.935 Thread 0x000001e2228df950 Exception <a 'java/lang/IncompatibleClassChangeError'{0x00000000c3f1dbc0}: Found class java.lang.Object, but interface was expected> (0x00000000c3f1dbc0) 
thrown [s\src\hotspot\share\interpreter\linkResolver.cpp, line 826]
Event: 44.966 Thread 0x000001e223d395d0 Exception <a 'sun/nio/fs/WindowsException'{0x00000000c41dfc08}> (0x00000000c41dfc08) 
thrown [s\src\hotspot\share\prims\jni.cpp, line 516]
Event: 44.967 Thread 0x000001e223d395d0 Exception <a 'sun/nio/fs/WindowsException'{0x00000000c41dff50}> (0x00000000c41dff50) 
thrown [s\src\hotspot\share\prims\jni.cpp, line 516]
Event: 44.967 Thread 0x000001e223d395d0 Exception <a 'sun/nio/fs/WindowsException'{0x00000000c41e0188}> (0x00000000c41e0188) 
thrown [s\src\hotspot\share\prims\jni.cpp, line 516]

VM Operations (20 events):
Event: 42.840 Executing VM operation: G1PauseRemark done
Event: 42.879 Executing VM operation: G1PauseCleanup
Event: 42.881 Executing VM operation: G1PauseCleanup done
Event: 43.599 Executing VM operation: G1CollectForAllocation
Event: 43.609 Executing VM operation: G1CollectForAllocation done
Event: 44.428 Executing VM operation: G1CollectForAllocation
Event: 44.441 Executing VM operation: G1CollectForAllocation done
Event: 44.540 Executing VM operation: G1PauseRemark
Event: 44.570 Executing VM operation: G1PauseRemark done
Event: 44.613 Executing VM operation: G1PauseCleanup
Event: 44.618 Executing VM operation: G1PauseCleanup done
Event: 45.184 Executing VM operation: G1CollectForAllocation
Event: 45.197 Executing VM operation: G1CollectForAllocation done
Event: 45.215 Executing VM operation: G1CollectForAllocation
Event: 45.226 Executing VM operation: G1CollectForAllocation done
Event: 45.372 Executing VM operation: HandshakeAllThreads
Event: 45.373 Executing VM operation: HandshakeAllThreads done
Event: 45.415 Executing VM operation: HandshakeAllThreads
Event: 45.415 Executing VM operation: HandshakeAllThreads done
Event: 46.231 Executing VM operation: G1CollectForAllocation

Events (20 events):
Event: 44.712 loading class java/util/concurrent/ConcurrentHashMap$TreeBin done
Event: 45.413 loading class java/util/ArrayList$ListItr
Event: 45.413 loading class java/util/ArrayList$ListItr done
Event: 45.418 loading class java/util/AbstractMap$2
Event: 45.418 loading class java/util/AbstractMap$2 done
Event: 45.421 loading class java/util/AbstractMap$2$1
Event: 45.421 loading class java/util/AbstractMap$2$1 done
Event: 45.430 loading class jdk/internal/reflect/UnsafeQualifiedObjectFieldAccessorImpl
Event: 45.430 loading class jdk/internal/reflect/UnsafeQualifiedFieldAccessorImpl
Event: 45.430 loading class jdk/internal/reflect/UnsafeQualifiedFieldAccessorImpl done
Event: 45.431 loading class jdk/internal/reflect/UnsafeQualifiedObjectFieldAccessorImpl done
Event: 45.433 Thread 0x000001e223d38190 Thread added: 0x000001e223d38190
Event: 45.572 loading class sun/security/ssl/Alert
Event: 45.573 loading class sun/security/ssl/Alert done
Event: 45.573 loading class sun/security/ssl/Alert$AlertConsumer
Event: 45.574 loading class sun/security/ssl/Alert$AlertConsumer done
Event: 45.574 loading class sun/security/ssl/Alert$Level
Event: 45.574 loading class sun/security/ssl/Alert$Level done
Event: 45.575 loading class javax/crypto/ShortBufferException
Event: 45.575 loading class javax/crypto/ShortBufferException done


Dynamic libraries:
0x00007ff7b9820000 - 0x00007ff7b982e000 	D:\sts\sts-4.22.0.RELEASE\plugins\org.eclipse.justj.openjdk.hotspot.jre.full.win32.x86_64_17.0.10.v20240120-1143\jre\bin\javaw.exe
0x00007ffd48e50000 - 0x00007ffd49048000 	C:\WINDOWS\SYSTEM32\ntdll.dll
0x00007ffd47410000 - 0x00007ffd474cd000 	C:\WINDOWS\System32\KERNEL32.DLL
0x00007ffd46720000 - 0x00007ffd46a16000 	C:\WINDOWS\System32\KERNELBASE.dll
0x00007ffd46530000 - 0x00007ffd46630000 	C:\WINDOWS\System32\ucrtbase.dll
0x00007ffd3f990000 - 0x00007ffd3f9a7000 	D:\sts\sts-4.22.0.RELEASE\plugins\org.eclipse.justj.openjdk.hotspot.jre.full.win32.x86_64_17.0.10.v20240120-1143\jre\bin\jli.dll
0x00007ffd48ad0000 - 0x00007ffd48c6f000 	C:\WINDOWS\System32\USER32.dll
0x00007ffd46500000 - 0x00007ffd46522000 	C:\WINDOWS\System32\win32u.dll
0x00007ffd47d00000 - 0x00007ffd47d2b000 	C:\WINDOWS\System32\GDI32.dll
0x00007ffd46b50000 - 0x00007ffd46c67000 	C:\WINDOWS\System32\gdi32full.dll
0x00007ffd46a20000 - 0x00007ffd46abd000 	C:\WINDOWS\System32\msvcp_win.dll
0x00007ffd41560000 - 0x00007ffd4157b000 	D:\sts\sts-4.22.0.RELEASE\plugins\org.eclipse.justj.openjdk.hotspot.jre.full.win32.x86_64_17.0.10.v20240120-1143\jre\bin\VCRUNTIME140.dll
0x00007ffd315b0000 - 0x00007ffd3184a000 	C:\WINDOWS\WinSxS\amd64_microsoft.windows.common-controls_6595b64144ccf1df_6.0.19041.3636_none_60b6a03d71f818d5\COMCTL32.dll
0x00007ffd47c60000 - 0x00007ffd47cfe000 	C:\WINDOWS\System32\msvcrt.dll
0x00007ffd47160000 - 0x00007ffd47192000 	C:\WINDOWS\System32\IMM32.DLL
0x00007ffd43460000 - 0x00007ffd4346c000 	D:\sts\sts-4.22.0.RELEASE\plugins\org.eclipse.justj.openjdk.hotspot.jre.full.win32.x86_64_17.0.10.v20240120-1143\jre\bin\vcruntime140_1.dll
0x00007ffd2c7f0000 - 0x00007ffd2c87d000 	D:\sts\sts-4.22.0.RELEASE\plugins\org.eclipse.justj.openjdk.hotspot.jre.full.win32.x86_64_17.0.10.v20240120-1143\jre\bin\msvcp140.dll
0x00007ffcf8ef0000 - 0x00007ffcf9b52000 	D:\sts\sts-4.22.0.RELEASE\plugins\org.eclipse.justj.openjdk.hotspot.jre.full.win32.x86_64_17.0.10.v20240120-1143\jre\bin\server\jvm.dll
0x00007ffd46ef0000 - 0x00007ffd46fa0000 	C:\WINDOWS\System32\ADVAPI32.dll
0x00007ffd477b0000 - 0x00007ffd47850000 	C:\WINDOWS\System32\sechost.dll
0x00007ffd48c70000 - 0x00007ffd48d93000 	C:\WINDOWS\System32\RPCRT4.dll
0x00007ffd466f0000 - 0x00007ffd46717000 	C:\WINDOWS\System32\bcrypt.dll
0x00007ffd46390000 - 0x00007ffd463db000 	C:\WINDOWS\SYSTEM32\POWRPROF.dll
0x00007ffd3f430000 - 0x00007ffd3f439000 	C:\WINDOWS\SYSTEM32\WSOCK32.dll
0x00007ffd46e80000 - 0x00007ffd46eeb000 	C:\WINDOWS\System32\WS2_32.dll
0x00007ffd211f0000 - 0x00007ffd21217000 	C:\WINDOWS\SYSTEM32\WINMM.dll
0x00007ffd35d10000 - 0x00007ffd35d1a000 	C:\WINDOWS\SYSTEM32\VERSION.dll
0x00007ffd46340000 - 0x00007ffd46352000 	C:\WINDOWS\SYSTEM32\UMPDC.dll
0x00007ffd44d10000 - 0x00007ffd44d22000 	C:\WINDOWS\SYSTEM32\kernel.appcore.dll
0x00007ffd435c0000 - 0x00007ffd435ca000 	D:\sts\sts-4.22.0.RELEASE\plugins\org.eclipse.justj.openjdk.hotspot.jre.full.win32.x86_64_17.0.10.v20240120-1143\jre\bin\jimage.dll
0x00007ffd44220000 - 0x00007ffd44404000 	C:\WINDOWS\SYSTEM32\DBGHELP.DLL
0x00007ffd32af0000 - 0x00007ffd32b24000 	C:\WINDOWS\SYSTEM32\dbgcore.DLL
0x00007ffd46ac0000 - 0x00007ffd46b42000 	C:\WINDOWS\System32\bcryptPrimitives.dll
0x00007ffd40080000 - 0x00007ffd400a5000 	D:\sts\sts-4.22.0.RELEASE\plugins\org.eclipse.justj.openjdk.hotspot.jre.full.win32.x86_64_17.0.10.v20240120-1143\jre\bin\java.dll
0x00007ffd3f910000 - 0x00007ffd3f928000 	D:\sts\sts-4.22.0.RELEASE\plugins\org.eclipse.justj.openjdk.hotspot.jre.full.win32.x86_64_17.0.10.v20240120-1143\jre\bin\zip.dll
0x00007ffd47ed0000 - 0x00007ffd4863b000 	C:\WINDOWS\System32\SHELL32.dll
0x00007ffd44410000 - 0x00007ffd44bae000 	C:\WINDOWS\SYSTEM32\windows.storage.dll
0x00007ffd47900000 - 0x00007ffd47c53000 	C:\WINDOWS\System32\combase.dll
0x00007ffd45d80000 - 0x00007ffd45dae000 	C:\WINDOWS\SYSTEM32\Wldp.dll
0x00007ffd47250000 - 0x00007ffd4731d000 	C:\WINDOWS\System32\OLEAUT32.dll
0x00007ffd47850000 - 0x00007ffd478fd000 	C:\WINDOWS\System32\SHCORE.dll
0x00007ffd47320000 - 0x00007ffd47375000 	C:\WINDOWS\System32\shlwapi.dll
0x00007ffd46430000 - 0x00007ffd46453000 	C:\WINDOWS\SYSTEM32\profapi.dll
0x00007ffd3f2a0000 - 0x00007ffd3f2b9000 	D:\sts\sts-4.22.0.RELEASE\plugins\org.eclipse.justj.openjdk.hotspot.jre.full.win32.x86_64_17.0.10.v20240120-1143\jre\bin\net.dll
0x00007ffd3c970000 - 0x00007ffd3ca7a000 	C:\WINDOWS\SYSTEM32\WINHTTP.dll
0x00007ffd45b60000 - 0x00007ffd45bca000 	C:\WINDOWS\system32\mswsock.dll
0x00007ffd3ddf0000 - 0x00007ffd3de06000 	D:\sts\sts-4.22.0.RELEASE\plugins\org.eclipse.justj.openjdk.hotspot.jre.full.win32.x86_64_17.0.10.v20240120-1143\jre\bin\nio.dll
0x00007ffd41580000 - 0x00007ffd41589000 	D:\sts\sts-4.22.0.RELEASE\plugins\org.eclipse.justj.openjdk.hotspot.jre.full.win32.x86_64_17.0.10.v20240120-1143\jre\bin\management.dll
0x00007ffd41110000 - 0x00007ffd4111b000 	D:\sts\sts-4.22.0.RELEASE\plugins\org.eclipse.justj.openjdk.hotspot.jre.full.win32.x86_64_17.0.10.v20240120-1143\jre\bin\management_ext.dll
0x00007ffd47ec0000 - 0x00007ffd47ec8000 	C:\WINDOWS\System32\PSAPI.DLL
0x00007ffd3f9b0000 - 0x00007ffd3f9c7000 	C:\WINDOWS\system32\napinsp.dll
0x00007ffd3f410000 - 0x00007ffd3f42b000 	C:\WINDOWS\system32\pnrpnsp.dll
0x00007ffd41520000 - 0x00007ffd4153d000 	C:\WINDOWS\system32\NLAapi.dll
0x00007ffd45860000 - 0x00007ffd4589b000 	C:\WINDOWS\SYSTEM32\IPHLPAPI.DLL
0x00007ffd40830000 - 0x00007ffd40845000 	C:\WINDOWS\system32\wshbth.dll
0x00007ffd458a0000 - 0x00007ffd4596b000 	C:\WINDOWS\SYSTEM32\DNSAPI.dll
0x00007ffd48da0000 - 0x00007ffd48da8000 	C:\WINDOWS\System32\NSI.dll
0x00007ffd3db30000 - 0x00007ffd3db42000 	C:\WINDOWS\System32\winrnr.dll
0x00007ffd3b9e0000 - 0x00007ffd3b9ea000 	C:\Windows\System32\rasadhlp.dll
0x00007ffd39980000 - 0x00007ffd39a00000 	C:\WINDOWS\System32\fwpuclnt.dll
0x00007ffd45dc0000 - 0x00007ffd45dd8000 	C:\WINDOWS\SYSTEM32\CRYPTSP.dll
0x00007ffd454a0000 - 0x00007ffd454d4000 	C:\WINDOWS\system32\rsaenh.dll
0x00007ffd46360000 - 0x00007ffd4638e000 	C:\WINDOWS\SYSTEM32\USERENV.dll
0x00007ffd45cf0000 - 0x00007ffd45cfc000 	C:\WINDOWS\SYSTEM32\CRYPTBASE.dll
0x00007ffd3df10000 - 0x00007ffd3df27000 	C:\WINDOWS\SYSTEM32\dhcpcsvc6.DLL
0x00007ffd3def0000 - 0x00007ffd3df0d000 	C:\WINDOWS\SYSTEM32\dhcpcsvc.DLL
0x00007ffd41590000 - 0x00007ffd41599000 	D:\sts\sts-4.22.0.RELEASE\plugins\org.eclipse.justj.openjdk.hotspot.jre.full.win32.x86_64_17.0.10.v20240120-1143\jre\bin\extnet.dll
0x00007ffd41610000 - 0x00007ffd4161e000 	D:\sts\sts-4.22.0.RELEASE\plugins\org.eclipse.justj.openjdk.hotspot.jre.full.win32.x86_64_17.0.10.v20240120-1143\jre\bin\sunmscapi.dll
0x00007ffd46d20000 - 0x00007ffd46e7e000 	C:\WINDOWS\System32\CRYPT32.dll
0x00007ffd45e70000 - 0x00007ffd45e98000 	C:\WINDOWS\SYSTEM32\ncrypt.dll
0x00007ffd45e10000 - 0x00007ffd45e4b000 	C:\WINDOWS\SYSTEM32\NTASN1.dll
0x00007ffd41d40000 - 0x00007ffd41d50000 	D:\sts\sts-4.22.0.RELEASE\plugins\org.eclipse.justj.openjdk.hotspot.jre.full.win32.x86_64_17.0.10.v20240120-1143\jre\bin\verify.dll

dbghelp: loaded successfully - version: 4.0.5 - missing functions: none
symbol engine: initialized successfully - sym options: 0x614 - pdb path: .;D:\sts\sts-4.22.0.RELEASE\plugins\org.eclipse.justj.openjdk.hotspot.jre.full.win32.x86_64_17.0.10.v20240120-1143\jre\bin;C:\WINDOWS\SYSTEM32;C:\WINDOWS\WinSxS\amd64_microsoft.windows.common-controls_6595b64144ccf1df_6.0.19041.3636_none_60b6a03d71f818d5;D:\sts\sts-4.22.0.RELEASE\plugins\org.eclipse.justj.openjdk.hotspot.jre.full.win32.x86_64_17.0.10.v20240120-1143\jre\bin\server

VM Arguments:
jvm_args: -Dcom.sun.management.jmxremote -Dcom.sun.management.jmxremote.port=55309 -Dcom.sun.management.jmxremote.authenticate=false -Dcom.sun.management.jmxremote.ssl=false -Djava.rmi.server.hostname=localhost -Dspring.jmx.enabled=true -Dmanagement.endpoints.jmx.exposure.include=* -Dspring.application.admin.enabled=true -XX:TieredStopAtLevel=1 -Dspring.boot.project.name=app01 -Dfile.encoding=UTF-8 -Dstdout.encoding=UTF-8 -Dstderr.encoding=UTF-8 -XX:+ShowCodeDetailsInExceptionMessages 
java_command: pe.edu.vg.app.App01Application --spring.output.ansi.enabled=always
java_class_path (initial): C:\Users\yofer\OneDrive\Escritorio\RBR_T11BF\app01\target\classes;C:\Users\yofer\.m2\repository\org\springframework\boot\spring-boot-starter-web\3.2.4\spring-boot-starter-web-3.2.4.jar;C:\Users\yofer\.m2\repository\org\springframework\boot\spring-boot-starter\3.2.4\spring-boot-starter-3.2.4.jar;C:\Users\yofer\.m2\repository\org\springframework\boot\spring-boot-starter-logging\3.2.4\spring-boot-starter-logging-3.2.4.jar;C:\Users\yofer\.m2\repository\ch\qos\logback\logback-classic\1.4.14\logback-classic-1.4.14.jar;C:\Users\yofer\.m2\repository\ch\qos\logback\logback-core\1.4.14\logback-core-1.4.14.jar;C:\Users\yofer\.m2\repository\org\apache\logging\log4j\log4j-to-slf4j\2.21.1\log4j-to-slf4j-2.21.1.jar;C:\Users\yofer\.m2\repository\org\apache\logging\log4j\log4j-api\2.21.1\log4j-api-2.21.1.jar;C:\Users\yofer\.m2\repository\org\slf4j\jul-to-slf4j\2.0.12\jul-to-slf4j-2.0.12.jar;C:\Users\yofer\.m2\repository\jakarta\annotation\jakarta.annotation-api\2.1.1\jakarta.annotation-api-2.1.1.jar;C:\Users\yofer\.m2\repository\org\yaml\snakeyaml\2.2\snakeyaml-2.2.jar;C:\Users\yofer\.m2\repository\org\springframework\boot\spring-boot-starter-json\3.2.4\spring-boot-starter-json-3.2.4.jar;C:\Users\yofer\.m2\repository\com\fasterxml\jackson\core\jackson-databind\2.15.4\jackson-databind-2.15.4.jar;C:\Users\yofer\.m2\repository\com\fasterxml\jackson\core\jackson-annotations\2.15.4\jackson-annotations-2.15.4.jar;C:\Users\yofer\.m2\repository\com\fasterxml\jackson\core\jackson-core\2.15.4\jackson-core-2.15.4.jar;C:\Users\yofer\.m2\repository\com\fasterxml\jackson\datatype\jackson-datatype-jdk8\2.15.4\jackson-datatype-jdk8-2.15.4.jar;C:\Users\yofer\.m2\repository\com\fasterxml\jackson\datatype\jackson-datatype-jsr310\2.15.4\jackson-datatype-jsr310-2.15.4.jar;C:\Users\yofer\.m2\repository\com\fasterxml\jackson\module\jackson-module-parameter-names\2.15.4\jackson-module-parameter-names-2.15.4.jar;C:\Users\yofer\.m2\repository\org\springframework\boot\spring-boot-
Launcher Type: SUN_STANDARD

[Global flags]
     intx CICompilerCount                          = 2                                         {product} {ergonomic}
     uint ConcGCThreads                            = 1                                         {product} {ergonomic}
     uint G1ConcRefinementThreads                  = 2                                         {product} {ergonomic}
   size_t G1HeapRegionSize                         = 1048576                                   {product} {ergonomic}
    uintx GCDrainStackTargetSize                   = 64                                        {product} {ergonomic}
   size_t InitialHeapSize                          = 67108864                                  {product} {ergonomic}
     bool ManagementServer                         = true                                      {product} {command line}
   size_t MarkStackSize                            = 4194304                                   {product} {ergonomic}
   size_t MaxHeapSize                              = 1050673152                                {product} {ergonomic}
   size_t MaxNewSize                               = 630194176                                 {product} {ergonomic}
   size_t MinHeapDeltaBytes                        = 1048576                                   {product} {ergonomic}
   size_t MinHeapSize                              = 8388608                                   {product} {ergonomic}
    uintx NonProfiledCodeHeapSize                  = 0                                      {pd product} {ergonomic}
     bool ProfileInterpreter                       = false                                  {pd product} {command line}
    uintx ProfiledCodeHeapSize                     = 0                                      {pd product} {ergonomic}
     bool ShowCodeDetailsInExceptionMessages       = true                                   {manageable} {command line}
   size_t SoftMaxHeapSize                          = 1050673152                             {manageable} {ergonomic}
     intx TieredStopAtLevel                        = 1                                         {product} {command line}
     bool UseCompressedClassPointers               = true                           {product lp64_product} {ergonomic}
     bool UseCompressedOops                        = true                           {product lp64_product} {ergonomic}
     bool UseG1GC                                  = true                                      {product} {ergonomic}
     bool UseLargePagesIndividualAllocation        = false                                  {pd product} {ergonomic}

Logging:
Log output configuration:
 #0: stdout all=warning uptime,level,tags
 #1: stderr all=off uptime,level,tags

Environment Variables:
PATH=D:/sts/sts-4.22.0.RELEASE//plugins/org.eclipse.justj.openjdk.hotspot.jre.full.win32.x86_64_17.0.10.v20240120-1143/jre/bin/server;D:/sts/sts-4.22.0.RELEASE//plugins/org.eclipse.justj.openjdk.hotspot.jre.full.win32.x86_64_17.0.10.v20240120-1143/jre/bin;D:\oracledb2c\21c\dbhomeXE\bin;D:\21c\dbhomeXE\bin;C:\Program Files\Common Files\Oracle\Java\javapath;C:\Program Files (x86)\Common Files\Oracle\Java\javapath;c:\devkitPro\msys2\usr\bin;C:\ProgramData\Oracle\Java\javapath;C:\WINDOWS\system32;C:\WINDOWS;C:\WINDOWS\System32\Wbem;C:\WINDOWS\System32\WindowsPowerShell\v1.0\;C:\WINDOWS\System32\OpenSSH\;C:\Program Files\dotnet\;C:\Program Files\Git\cmd;D:\putty\;C:\ProgramData\chocolatey\bin;C:\Program Files\Microsoft SQL Server\Client SDK\ODBC\170\Tools\Binn\;C:\Program Files (x86)\Microsoft SQL Server\150\Tools\Binn\;C:\Program Files\Microsoft SQL Server\150\Tools\Binn\;C:\Program Files\Microsoft SQL Server\150\DTS\Binn\;C:\Program Files (x86)\Microsoft SQL Server\150\DTS\Binn\;C:\Program Files (x86)\Microsoft SQL Server\160\DTS\Binn\;C:\Program Files\Docker\Docker\resources\bin;C:\Program Files\nodejs\;C:\Users\yofer\AppData\Local\Microsoft\WindowsApps;D:\Microsoft VS Code\bin;C:\Program Files\Azure Data Studio\bin;C:\Users\yofer\AppData\Roaming\npm;C:\Users\yofer\Downloads\apache-maven-3.9.6-bin\apache-maven-3.9.6\bin;;D:\sts\sts-4.22.0.RELEASE;
USERNAME=yofer
OS=Windows_NT
PROCESSOR_IDENTIFIER=Intel64 Family 6 Model 76 Stepping 4, GenuineIntel
TMP=C:\Users\yofer\AppData\Local\Temp
TEMP=C:\Users\yofer\AppData\Local\Temp



Periodic native trim disabled


---------------  S Y S T E M  ---------------

OS:
 Windows 10 , 64 bit Build 19041 (10.0.19041.3636)
OS uptime: 2 days 7:38 hours
Hyper-V role detected

CPU: total 2 (initial active 2) (2 cores per cpu, 1 threads per core) family 6 model 76 stepping 4 microcode 0x411, cx8, cmov, fxsr, mmx, 3dnowpref, sse, sse2, sse3, ssse3, sse4.1, sse4.2, popcnt, tsc, tscinvbit, aes, erms, clmul, clflush, hv
Processor Information for all 2 processors :
  Max Mhz: 1601, Current Mhz: 1601, Mhz Limit: 1601

Memory: 4k page, system-wide physical 4001M (118M free)
TotalPageFile size 8097M (AvailPageFile size 13M)
current process WorkingSet (physical memory assigned to process): 183M, peak: 183M
current process commit charge ("private bytes"): 203M, peak: 220M

vm_info: OpenJDK 64-Bit Server VM (17.0.10+7) for windows-amd64 JRE (17.0.10+7), built on Jan 16 2024 23:25:11 by "admin" with MS VC++ 16.10 / 16.11 (VS2019)

END.
